PCAD Importer Log
Project : IRFP460PBF.LibPkg

Section : C:\GitHub\AltiumLibraries\Libraries\IRFP460PBF\IRFP460PBF.lia
    Section : PCB Library - IRFP460PBF.PcbLib
        Section : Load Messages
            Warning - 1 : Skipping Token IRFP460PBF On Line 132
            Warning - 1 : Skipping Token attachedSymbol On Line 213
        EndSection

        Section : Import Messages
        EndSection
    EndSection

    Section : SCH Library - IRFP460PBF.SchLib
        Section : Parsing Messages
            Warning - 1 : Skipping Token padStyleDef On Line 9
            Warning - 1 : Skipping Token padStyleDef On Line 21
            Warning - 1 : Skipping Token multiLayer On Line 96
            Warning - 1 : Skipping Token layerContents On Line 101
            Warning - 1 : Skipping Token layerContents On Line 107
            Warning - 1 : Skipping Token layerContents On Line 114
            Warning - 1 : Skipping Token layerContents On Line 122
        EndSection

        Section : Generating SCH Library - IRFP460PBF.SchLib
        EndSection
    EndSection
EndSection
