PCAD Importer Log
Project : TPS54383PWPR.LibPkg

Section : C:\Users\Public\Documents\Altium\AD18\Library\TPS54383PWPR\TPS54383PWPR.lia
    Section : PCB Library - TPS54383PWPR.PcbLib
        Section : Load Messages
            Warning - 1 : Skipping Token poly On Line 433
            Warning - 1 : Skipping Token poly On Line 525
            Warning - 1 : Skipping Token poly On Line 537
            Warning - 1 : Skipping Token poly On Line 549
            Warning - 1 : Skipping Token poly On Line 557
            Warning - 1 : Skipping Token poly On Line 565
            Warning - 1 : Skipping Token poly On Line 573
            Warning - 1 : Skipping Token poly On Line 581
            Warning - 1 : Skipping Token poly On Line 593
            Warning - 1 : Skipping Token poly On Line 605
            Warning - 1 : Skipping Token poly On Line 613
            Warning - 1 : Skipping Token poly On Line 621
            Warning - 1 : Skipping Token poly On Line 629
            Warning - 1 : Skipping Token poly On Line 637
            Warning - 1 : Skipping Token poly On Line 801
            Warning - 1 : Skipping Token poly On Line 893
            Warning - 1 : Skipping Token poly On Line 905
            Warning - 1 : Skipping Token poly On Line 917
            Warning - 1 : Skipping Token poly On Line 925
            Warning - 1 : Skipping Token poly On Line 933
            Warning - 1 : Skipping Token poly On Line 941
            Warning - 1 : Skipping Token poly On Line 949
            Warning - 1 : Skipping Token poly On Line 961
            Warning - 1 : Skipping Token poly On Line 973
            Warning - 1 : Skipping Token poly On Line 981
            Warning - 1 : Skipping Token poly On Line 989
            Warning - 1 : Skipping Token poly On Line 997
            Warning - 1 : Skipping Token poly On Line 1005
            Warning - 1 : Skipping Token poly On Line 1169
            Warning - 1 : Skipping Token poly On Line 1261
            Warning - 1 : Skipping Token poly On Line 1273
            Warning - 1 : Skipping Token poly On Line 1285
            Warning - 1 : Skipping Token poly On Line 1293
            Warning - 1 : Skipping Token poly On Line 1301
            Warning - 1 : Skipping Token poly On Line 1309
            Warning - 1 : Skipping Token poly On Line 1317
            Warning - 1 : Skipping Token poly On Line 1329
            Warning - 1 : Skipping Token poly On Line 1341
            Warning - 1 : Skipping Token poly On Line 1349
            Warning - 1 : Skipping Token poly On Line 1357
            Warning - 1 : Skipping Token poly On Line 1365
            Warning - 1 : Skipping Token poly On Line 1373
            Warning - 1 : Skipping Token TPS54383_PWP_14 On Line 1429
            Warning - 1 : Skipping Token attachedSymbol On Line 1584
        EndSection

        Section : Import Messages
        EndSection
    EndSection

    Section : SCH Library - TPS54383PWPR.SchLib
        Section : Parsing Messages
            Warning - 1 : Skipping Token padStyleDef On Line 10
            Warning - 1 : Skipping Token padStyleDef On Line 20
            Warning - 1 : Skipping Token padStyleDef On Line 30
            Warning - 1 : Skipping Token padStyleDef On Line 40
            Warning - 1 : Skipping Token multiLayer On Line 330
            Warning - 1 : Skipping Token layerContents On Line 348
            Warning - 1 : Skipping Token layerContents On Line 351
            Warning - 1 : Skipping Token layerContents On Line 354
            Warning - 1 : Skipping Token layerContents On Line 357
            Warning - 1 : Skipping Token layerContents On Line 360
            Warning - 1 : Skipping Token layerContents On Line 363
            Warning - 1 : Skipping Token layerContents On Line 366
            Warning - 1 : Skipping Token layerContents On Line 369
            Warning - 1 : Skipping Token layerContents On Line 372
            Warning - 1 : Skipping Token layerContents On Line 375
            Warning - 1 : Skipping Token layerContents On Line 378
            Warning - 1 : Skipping Token layerContents On Line 381
            Warning - 1 : Skipping Token layerContents On Line 384
            Warning - 1 : Skipping Token layerContents On Line 387
            Warning - 1 : Skipping Token layerContents On Line 390
            Warning - 1 : Skipping Token layerContents On Line 393
            Warning - 1 : Skipping Token layerContents On Line 396
            Warning - 1 : Skipping Token layerContents On Line 399
            Warning - 1 : Skipping Token layerContents On Line 402
            Warning - 1 : Skipping Token layerContents On Line 405
            Warning - 1 : Skipping Token layerContents On Line 408
            Warning - 1 : Skipping Token layerContents On Line 411
            Warning - 1 : Skipping Token layerContents On Line 414
            Warning - 1 : Skipping Token layerContents On Line 417
            Warning - 1 : Skipping Token layerContents On Line 420
            Warning - 1 : Skipping Token layerContents On Line 423
            Warning - 1 : Skipping Token layerContents On Line 426
            Warning - 1 : Skipping Token layerContents On Line 429
            Warning - 1 : Skipping Token layerContents On Line 432
            Warning - 1 : Skipping Token layerContents On Line 440
            Warning - 1 : Skipping Token layerContents On Line 443
            Warning - 1 : Skipping Token layerContents On Line 446
            Warning - 1 : Skipping Token layerContents On Line 449
            Warning - 1 : Skipping Token layerContents On Line 452
            Warning - 1 : Skipping Token layerContents On Line 455
            Warning - 1 : Skipping Token layerContents On Line 458
            Warning - 1 : Skipping Token layerContents On Line 461
            Warning - 1 : Skipping Token layerContents On Line 464
            Warning - 1 : Skipping Token layerContents On Line 467
            Warning - 1 : Skipping Token layerContents On Line 470
            Warning - 1 : Skipping Token layerContents On Line 473
            Warning - 1 : Skipping Token layerContents On Line 476
            Warning - 1 : Skipping Token layerContents On Line 479
            Warning - 1 : Skipping Token layerContents On Line 482
            Warning - 1 : Skipping Token layerContents On Line 485
            Warning - 1 : Skipping Token layerContents On Line 488
            Warning - 1 : Skipping Token layerContents On Line 491
            Warning - 1 : Skipping Token layerContents On Line 494
            Warning - 1 : Skipping Token layerContents On Line 497
            Warning - 1 : Skipping Token layerContents On Line 500
            Warning - 1 : Skipping Token layerContents On Line 503
            Warning - 1 : Skipping Token layerContents On Line 506
            Warning - 1 : Skipping Token layerContents On Line 509
            Warning - 1 : Skipping Token layerContents On Line 512
            Warning - 1 : Skipping Token layerContents On Line 515
            Warning - 1 : Skipping Token layerContents On Line 518
            Warning - 1 : Skipping Token layerContents On Line 521
            Warning - 1 : Skipping Token layerContents On Line 524
            Warning - 1 : Skipping Token layerContents On Line 536
            Warning - 1 : Skipping Token layerContents On Line 548
            Warning - 1 : Skipping Token layerContents On Line 556
            Warning - 1 : Skipping Token layerContents On Line 564
            Warning - 1 : Skipping Token layerContents On Line 572
            Warning - 1 : Skipping Token layerContents On Line 580
            Warning - 1 : Skipping Token layerContents On Line 592
            Warning - 1 : Skipping Token layerContents On Line 604
            Warning - 1 : Skipping Token layerContents On Line 612
            Warning - 1 : Skipping Token layerContents On Line 620
            Warning - 1 : Skipping Token layerContents On Line 628
            Warning - 1 : Skipping Token layerContents On Line 636
            Warning - 1 : Skipping Token layerContents On Line 644
            Warning - 1 : Skipping Token layerContents On Line 647
            Warning - 1 : Skipping Token layerContents On Line 650
            Warning - 1 : Skipping Token layerContents On Line 653
            Warning - 1 : Skipping Token layerContents On Line 656
            Warning - 1 : Skipping Token layerContents On Line 659
            Warning - 1 : Skipping Token layerContents On Line 662
            Warning - 1 : Skipping Token layerContents On Line 665
            Warning - 1 : Skipping Token layerContents On Line 668
            Warning - 1 : Skipping Token layerContents On Line 671
            Warning - 1 : Skipping Token layerContents On Line 674
            Warning - 1 : Skipping Token layerContents On Line 677
            Warning - 1 : Skipping Token layerContents On Line 680
            Warning - 1 : Skipping Token layerContents On Line 683
            Warning - 1 : Skipping Token layerContents On Line 686
            Warning - 1 : Skipping Token layerContents On Line 689
            Warning - 1 : Skipping Token multiLayer On Line 698
            Warning - 1 : Skipping Token layerContents On Line 716
            Warning - 1 : Skipping Token layerContents On Line 719
            Warning - 1 : Skipping Token layerContents On Line 722
            Warning - 1 : Skipping Token layerContents On Line 725
            Warning - 1 : Skipping Token layerContents On Line 728
            Warning - 1 : Skipping Token layerContents On Line 731
            Warning - 1 : Skipping Token layerContents On Line 734
            Warning - 1 : Skipping Token layerContents On Line 737
            Warning - 1 : Skipping Token layerContents On Line 740
            Warning - 1 : Skipping Token layerContents On Line 743
            Warning - 1 : Skipping Token layerContents On Line 746
            Warning - 1 : Skipping Token layerContents On Line 749
            Warning - 1 : Skipping Token layerContents On Line 752
            Warning - 1 : Skipping Token layerContents On Line 755
            Warning - 1 : Skipping Token layerContents On Line 758
            Warning - 1 : Skipping Token layerContents On Line 761
            Warning - 1 : Skipping Token layerContents On Line 764
            Warning - 1 : Skipping Token layerContents On Line 767
            Warning - 1 : Skipping Token layerContents On Line 770
            Warning - 1 : Skipping Token layerContents On Line 773
            Warning - 1 : Skipping Token layerContents On Line 776
            Warning - 1 : Skipping Token layerContents On Line 779
            Warning - 1 : Skipping Token layerContents On Line 782
            Warning - 1 : Skipping Token layerContents On Line 785
            Warning - 1 : Skipping Token layerContents On Line 788
            Warning - 1 : Skipping Token layerContents On Line 791
            Warning - 1 : Skipping Token layerContents On Line 794
            Warning - 1 : Skipping Token layerContents On Line 797
            Warning - 1 : Skipping Token layerContents On Line 800
            Warning - 1 : Skipping Token layerContents On Line 808
            Warning - 1 : Skipping Token layerContents On Line 811
            Warning - 1 : Skipping Token layerContents On Line 814
            Warning - 1 : Skipping Token layerContents On Line 817
            Warning - 1 : Skipping Token layerContents On Line 820
            Warning - 1 : Skipping Token layerContents On Line 823
            Warning - 1 : Skipping Token layerContents On Line 826
            Warning - 1 : Skipping Token layerContents On Line 829
            Warning - 1 : Skipping Token layerContents On Line 832
            Warning - 1 : Skipping Token layerContents On Line 835
            Warning - 1 : Skipping Token layerContents On Line 838
            Warning - 1 : Skipping Token layerContents On Line 841
            Warning - 1 : Skipping Token layerContents On Line 844
            Warning - 1 : Skipping Token layerContents On Line 847
            Warning - 1 : Skipping Token layerContents On Line 850
            Warning - 1 : Skipping Token layerContents On Line 853
            Warning - 1 : Skipping Token layerContents On Line 856
            Warning - 1 : Skipping Token layerContents On Line 859
            Warning - 1 : Skipping Token layerContents On Line 862
            Warning - 1 : Skipping Token layerContents On Line 865
            Warning - 1 : Skipping Token layerContents On Line 868
            Warning - 1 : Skipping Token layerContents On Line 871
            Warning - 1 : Skipping Token layerContents On Line 874
            Warning - 1 : Skipping Token layerContents On Line 877
            Warning - 1 : Skipping Token layerContents On Line 880
            Warning - 1 : Skipping Token layerContents On Line 883
            Warning - 1 : Skipping Token layerContents On Line 886
            Warning - 1 : Skipping Token layerContents On Line 889
            Warning - 1 : Skipping Token layerContents On Line 892
            Warning - 1 : Skipping Token layerContents On Line 904
            Warning - 1 : Skipping Token layerContents On Line 916
            Warning - 1 : Skipping Token layerContents On Line 924
            Warning - 1 : Skipping Token layerContents On Line 932
            Warning - 1 : Skipping Token layerContents On Line 940
            Warning - 1 : Skipping Token layerContents On Line 948
            Warning - 1 : Skipping Token layerContents On Line 960
            Warning - 1 : Skipping Token layerContents On Line 972
            Warning - 1 : Skipping Token layerContents On Line 980
            Warning - 1 : Skipping Token layerContents On Line 988
            Warning - 1 : Skipping Token layerContents On Line 996
            Warning - 1 : Skipping Token layerContents On Line 1004
            Warning - 1 : Skipping Token layerContents On Line 1012
            Warning - 1 : Skipping Token layerContents On Line 1015
            Warning - 1 : Skipping Token layerContents On Line 1018
            Warning - 1 : Skipping Token layerContents On Line 1021
            Warning - 1 : Skipping Token layerContents On Line 1024
            Warning - 1 : Skipping Token layerContents On Line 1027
            Warning - 1 : Skipping Token layerContents On Line 1030
            Warning - 1 : Skipping Token layerContents On Line 1033
            Warning - 1 : Skipping Token layerContents On Line 1036
            Warning - 1 : Skipping Token layerContents On Line 1039
            Warning - 1 : Skipping Token layerContents On Line 1042
            Warning - 1 : Skipping Token layerContents On Line 1045
            Warning - 1 : Skipping Token layerContents On Line 1048
            Warning - 1 : Skipping Token layerContents On Line 1051
            Warning - 1 : Skipping Token layerContents On Line 1054
            Warning - 1 : Skipping Token layerContents On Line 1057
            Warning - 1 : Skipping Token multiLayer On Line 1066
            Warning - 1 : Skipping Token layerContents On Line 1084
            Warning - 1 : Skipping Token layerContents On Line 1087
            Warning - 1 : Skipping Token layerContents On Line 1090
            Warning - 1 : Skipping Token layerContents On Line 1093
            Warning - 1 : Skipping Token layerContents On Line 1096
            Warning - 1 : Skipping Token layerContents On Line 1099
            Warning - 1 : Skipping Token layerContents On Line 1102
            Warning - 1 : Skipping Token layerContents On Line 1105
            Warning - 1 : Skipping Token layerContents On Line 1108
            Warning - 1 : Skipping Token layerContents On Line 1111
            Warning - 1 : Skipping Token layerContents On Line 1114
            Warning - 1 : Skipping Token layerContents On Line 1117
            Warning - 1 : Skipping Token layerContents On Line 1120
            Warning - 1 : Skipping Token layerContents On Line 1123
            Warning - 1 : Skipping Token layerContents On Line 1126
            Warning - 1 : Skipping Token layerContents On Line 1129
            Warning - 1 : Skipping Token layerContents On Line 1132
            Warning - 1 : Skipping Token layerContents On Line 1135
            Warning - 1 : Skipping Token layerContents On Line 1138
            Warning - 1 : Skipping Token layerContents On Line 1141
            Warning - 1 : Skipping Token layerContents On Line 1144
            Warning - 1 : Skipping Token layerContents On Line 1147
            Warning - 1 : Skipping Token layerContents On Line 1150
            Warning - 1 : Skipping Token layerContents On Line 1153
            Warning - 1 : Skipping Token layerContents On Line 1156
            Warning - 1 : Skipping Token layerContents On Line 1159
            Warning - 1 : Skipping Token layerContents On Line 1162
            Warning - 1 : Skipping Token layerContents On Line 1165
            Warning - 1 : Skipping Token layerContents On Line 1168
            Warning - 1 : Skipping Token layerContents On Line 1176
            Warning - 1 : Skipping Token layerContents On Line 1179
            Warning - 1 : Skipping Token layerContents On Line 1182
            Warning - 1 : Skipping Token layerContents On Line 1185
            Warning - 1 : Skipping Token layerContents On Line 1188
            Warning - 1 : Skipping Token layerContents On Line 1191
            Warning - 1 : Skipping Token layerContents On Line 1194
            Warning - 1 : Skipping Token layerContents On Line 1197
            Warning - 1 : Skipping Token layerContents On Line 1200
            Warning - 1 : Skipping Token layerContents On Line 1203
            Warning - 1 : Skipping Token layerContents On Line 1206
            Warning - 1 : Skipping Token layerContents On Line 1209
            Warning - 1 : Skipping Token layerContents On Line 1212
            Warning - 1 : Skipping Token layerContents On Line 1215
            Warning - 1 : Skipping Token layerContents On Line 1218
            Warning - 1 : Skipping Token layerContents On Line 1221
            Warning - 1 : Skipping Token layerContents On Line 1224
            Warning - 1 : Skipping Token layerContents On Line 1227
            Warning - 1 : Skipping Token layerContents On Line 1230
            Warning - 1 : Skipping Token layerContents On Line 1233
            Warning - 1 : Skipping Token layerContents On Line 1236
            Warning - 1 : Skipping Token layerContents On Line 1239
            Warning - 1 : Skipping Token layerContents On Line 1242
            Warning - 1 : Skipping Token layerContents On Line 1245
            Warning - 1 : Skipping Token layerContents On Line 1248
            Warning - 1 : Skipping Token layerContents On Line 1251
            Warning - 1 : Skipping Token layerContents On Line 1254
            Warning - 1 : Skipping Token layerContents On Line 1257
            Warning - 1 : Skipping Token layerContents On Line 1260
            Warning - 1 : Skipping Token layerContents On Line 1272
            Warning - 1 : Skipping Token layerContents On Line 1284
            Warning - 1 : Skipping Token layerContents On Line 1292
            Warning - 1 : Skipping Token layerContents On Line 1300
            Warning - 1 : Skipping Token layerContents On Line 1308
            Warning - 1 : Skipping Token layerContents On Line 1316
            Warning - 1 : Skipping Token layerContents On Line 1328
            Warning - 1 : Skipping Token layerContents On Line 1340
            Warning - 1 : Skipping Token layerContents On Line 1348
            Warning - 1 : Skipping Token layerContents On Line 1356
            Warning - 1 : Skipping Token layerContents On Line 1364
            Warning - 1 : Skipping Token layerContents On Line 1372
            Warning - 1 : Skipping Token layerContents On Line 1380
            Warning - 1 : Skipping Token layerContents On Line 1383
            Warning - 1 : Skipping Token layerContents On Line 1386
            Warning - 1 : Skipping Token layerContents On Line 1389
            Warning - 1 : Skipping Token layerContents On Line 1392
            Warning - 1 : Skipping Token layerContents On Line 1395
            Warning - 1 : Skipping Token layerContents On Line 1398
            Warning - 1 : Skipping Token layerContents On Line 1401
            Warning - 1 : Skipping Token layerContents On Line 1404
            Warning - 1 : Skipping Token layerContents On Line 1407
            Warning - 1 : Skipping Token layerContents On Line 1410
            Warning - 1 : Skipping Token layerContents On Line 1413
            Warning - 1 : Skipping Token layerContents On Line 1416
            Warning - 1 : Skipping Token layerContents On Line 1419
            Warning - 1 : Skipping Token layerContents On Line 1422
            Warning - 1 : Skipping Token layerContents On Line 1425
            Warning - 1 : Skipping Token defaultPinDes On Line 1437
            Warning - 1 : Skipping Token defaultPinDes On Line 1445
            Warning - 1 : Skipping Token defaultPinDes On Line 1453
            Warning - 1 : Skipping Token defaultPinDes On Line 1461
            Warning - 1 : Skipping Token defaultPinDes On Line 1469
            Warning - 1 : Skipping Token defaultPinDes On Line 1477
            Warning - 1 : Skipping Token defaultPinDes On Line 1485
            Warning - 1 : Skipping Token defaultPinDes On Line 1493
            Warning - 1 : Skipping Token defaultPinDes On Line 1501
            Warning - 1 : Skipping Token defaultPinDes On Line 1509
            Warning - 1 : Skipping Token defaultPinDes On Line 1517
            Warning - 1 : Skipping Token defaultPinDes On Line 1525
            Warning - 1 : Skipping Token defaultPinDes On Line 1533
            Warning - 1 : Skipping Token defaultPinDes On Line 1541
            Warning - 1 : Skipping Token defaultPinDes On Line 1549
        EndSection

        Section : Generating SCH Library - TPS54383PWPR.SchLib
        EndSection
    EndSection
EndSection
