PCAD Importer Log
Project : SMBJ24A.LibPkg

Section : C:\Users\Public\Documents\Altium\AD18\Library\SMBJ24A\SMBJ24A.lia
    Section : PCB Library - SMBJ24A.PcbLib
        Section : Load Messages
            Warning - 1 : Skipping Token poly On Line 373
            Warning - 1 : Skipping Token poly On Line 541
            Warning - 1 : Skipping Token poly On Line 709
            Warning - 1 : Skipping Token DIODE On Line 841
            Warning - 1 : Skipping Token attachedSymbol On Line 882
        EndSection

        Section : Import Messages
        EndSection
    EndSection

    Section : SCH Library - SMBJ24A.SchLib
        Section : Parsing Messages
            Warning - 1 : Skipping Token padStyleDef On Line 10
            Warning - 1 : Skipping Token padStyleDef On Line 20
            Warning - 1 : Skipping Token padStyleDef On Line 30
            Warning - 1 : Skipping Token multiLayer On Line 342
            Warning - 1 : Skipping Token layerContents On Line 347
            Warning - 1 : Skipping Token layerContents On Line 350
            Warning - 1 : Skipping Token layerContents On Line 353
            Warning - 1 : Skipping Token layerContents On Line 356
            Warning - 1 : Skipping Token layerContents On Line 359
            Warning - 1 : Skipping Token layerContents On Line 362
            Warning - 1 : Skipping Token layerContents On Line 365
            Warning - 1 : Skipping Token layerContents On Line 368
            Warning - 1 : Skipping Token layerContents On Line 371
            Warning - 1 : Skipping Token layerContents On Line 381
            Warning - 1 : Skipping Token layerContents On Line 384
            Warning - 1 : Skipping Token layerContents On Line 387
            Warning - 1 : Skipping Token layerContents On Line 390
            Warning - 1 : Skipping Token layerContents On Line 393
            Warning - 1 : Skipping Token layerContents On Line 396
            Warning - 1 : Skipping Token layerContents On Line 399
            Warning - 1 : Skipping Token layerContents On Line 402
            Warning - 1 : Skipping Token layerContents On Line 405
            Warning - 1 : Skipping Token layerContents On Line 408
            Warning - 1 : Skipping Token layerContents On Line 411
            Warning - 1 : Skipping Token layerContents On Line 414
            Warning - 1 : Skipping Token layerContents On Line 417
            Warning - 1 : Skipping Token layerContents On Line 420
            Warning - 1 : Skipping Token layerContents On Line 423
            Warning - 1 : Skipping Token layerContents On Line 426
            Warning - 1 : Skipping Token layerContents On Line 429
            Warning - 1 : Skipping Token layerContents On Line 432
            Warning - 1 : Skipping Token layerContents On Line 435
            Warning - 1 : Skipping Token layerContents On Line 438
            Warning - 1 : Skipping Token layerContents On Line 441
            Warning - 1 : Skipping Token layerContents On Line 444
            Warning - 1 : Skipping Token layerContents On Line 447
            Warning - 1 : Skipping Token layerContents On Line 450
            Warning - 1 : Skipping Token layerContents On Line 453
            Warning - 1 : Skipping Token layerContents On Line 456
            Warning - 1 : Skipping Token layerContents On Line 459
            Warning - 1 : Skipping Token layerContents On Line 462
            Warning - 1 : Skipping Token layerContents On Line 465
            Warning - 1 : Skipping Token layerContents On Line 468
            Warning - 1 : Skipping Token layerContents On Line 471
            Warning - 1 : Skipping Token layerContents On Line 474
            Warning - 1 : Skipping Token layerContents On Line 477
            Warning - 1 : Skipping Token layerContents On Line 480
            Warning - 1 : Skipping Token layerContents On Line 483
            Warning - 1 : Skipping Token layerContents On Line 486
            Warning - 1 : Skipping Token layerContents On Line 489
            Warning - 1 : Skipping Token layerContents On Line 492
            Warning - 1 : Skipping Token layerContents On Line 495
            Warning - 1 : Skipping Token layerContents On Line 498
            Warning - 1 : Skipping Token layerContents On Line 501
            Warning - 1 : Skipping Token multiLayer On Line 510
            Warning - 1 : Skipping Token layerContents On Line 515
            Warning - 1 : Skipping Token layerContents On Line 518
            Warning - 1 : Skipping Token layerContents On Line 521
            Warning - 1 : Skipping Token layerContents On Line 524
            Warning - 1 : Skipping Token layerContents On Line 527
            Warning - 1 : Skipping Token layerContents On Line 530
            Warning - 1 : Skipping Token layerContents On Line 533
            Warning - 1 : Skipping Token layerContents On Line 536
            Warning - 1 : Skipping Token layerContents On Line 539
            Warning - 1 : Skipping Token layerContents On Line 549
            Warning - 1 : Skipping Token layerContents On Line 552
            Warning - 1 : Skipping Token layerContents On Line 555
            Warning - 1 : Skipping Token layerContents On Line 558
            Warning - 1 : Skipping Token layerContents On Line 561
            Warning - 1 : Skipping Token layerContents On Line 564
            Warning - 1 : Skipping Token layerContents On Line 567
            Warning - 1 : Skipping Token layerContents On Line 570
            Warning - 1 : Skipping Token layerContents On Line 573
            Warning - 1 : Skipping Token layerContents On Line 576
            Warning - 1 : Skipping Token layerContents On Line 579
            Warning - 1 : Skipping Token layerContents On Line 582
            Warning - 1 : Skipping Token layerContents On Line 585
            Warning - 1 : Skipping Token layerContents On Line 588
            Warning - 1 : Skipping Token layerContents On Line 591
            Warning - 1 : Skipping Token layerContents On Line 594
            Warning - 1 : Skipping Token layerContents On Line 597
            Warning - 1 : Skipping Token layerContents On Line 600
            Warning - 1 : Skipping Token layerContents On Line 603
            Warning - 1 : Skipping Token layerContents On Line 606
            Warning - 1 : Skipping Token layerContents On Line 609
            Warning - 1 : Skipping Token layerContents On Line 612
            Warning - 1 : Skipping Token layerContents On Line 615
            Warning - 1 : Skipping Token layerContents On Line 618
            Warning - 1 : Skipping Token layerContents On Line 621
            Warning - 1 : Skipping Token layerContents On Line 624
            Warning - 1 : Skipping Token layerContents On Line 627
            Warning - 1 : Skipping Token layerContents On Line 630
            Warning - 1 : Skipping Token layerContents On Line 633
            Warning - 1 : Skipping Token layerContents On Line 636
            Warning - 1 : Skipping Token layerContents On Line 639
            Warning - 1 : Skipping Token layerContents On Line 642
            Warning - 1 : Skipping Token layerContents On Line 645
            Warning - 1 : Skipping Token layerContents On Line 648
            Warning - 1 : Skipping Token layerContents On Line 651
            Warning - 1 : Skipping Token layerContents On Line 654
            Warning - 1 : Skipping Token layerContents On Line 657
            Warning - 1 : Skipping Token layerContents On Line 660
            Warning - 1 : Skipping Token layerContents On Line 663
            Warning - 1 : Skipping Token layerContents On Line 666
            Warning - 1 : Skipping Token layerContents On Line 669
            Warning - 1 : Skipping Token multiLayer On Line 678
            Warning - 1 : Skipping Token layerContents On Line 683
            Warning - 1 : Skipping Token layerContents On Line 686
            Warning - 1 : Skipping Token layerContents On Line 689
            Warning - 1 : Skipping Token layerContents On Line 692
            Warning - 1 : Skipping Token layerContents On Line 695
            Warning - 1 : Skipping Token layerContents On Line 698
            Warning - 1 : Skipping Token layerContents On Line 701
            Warning - 1 : Skipping Token layerContents On Line 704
            Warning - 1 : Skipping Token layerContents On Line 707
            Warning - 1 : Skipping Token layerContents On Line 717
            Warning - 1 : Skipping Token layerContents On Line 720
            Warning - 1 : Skipping Token layerContents On Line 723
            Warning - 1 : Skipping Token layerContents On Line 726
            Warning - 1 : Skipping Token layerContents On Line 729
            Warning - 1 : Skipping Token layerContents On Line 732
            Warning - 1 : Skipping Token layerContents On Line 735
            Warning - 1 : Skipping Token layerContents On Line 738
            Warning - 1 : Skipping Token layerContents On Line 741
            Warning - 1 : Skipping Token layerContents On Line 744
            Warning - 1 : Skipping Token layerContents On Line 747
            Warning - 1 : Skipping Token layerContents On Line 750
            Warning - 1 : Skipping Token layerContents On Line 753
            Warning - 1 : Skipping Token layerContents On Line 756
            Warning - 1 : Skipping Token layerContents On Line 759
            Warning - 1 : Skipping Token layerContents On Line 762
            Warning - 1 : Skipping Token layerContents On Line 765
            Warning - 1 : Skipping Token layerContents On Line 768
            Warning - 1 : Skipping Token layerContents On Line 771
            Warning - 1 : Skipping Token layerContents On Line 774
            Warning - 1 : Skipping Token layerContents On Line 777
            Warning - 1 : Skipping Token layerContents On Line 780
            Warning - 1 : Skipping Token layerContents On Line 783
            Warning - 1 : Skipping Token layerContents On Line 786
            Warning - 1 : Skipping Token layerContents On Line 789
            Warning - 1 : Skipping Token layerContents On Line 792
            Warning - 1 : Skipping Token layerContents On Line 795
            Warning - 1 : Skipping Token layerContents On Line 798
            Warning - 1 : Skipping Token layerContents On Line 801
            Warning - 1 : Skipping Token layerContents On Line 804
            Warning - 1 : Skipping Token layerContents On Line 807
            Warning - 1 : Skipping Token layerContents On Line 810
            Warning - 1 : Skipping Token layerContents On Line 813
            Warning - 1 : Skipping Token layerContents On Line 816
            Warning - 1 : Skipping Token layerContents On Line 819
            Warning - 1 : Skipping Token layerContents On Line 822
            Warning - 1 : Skipping Token layerContents On Line 825
            Warning - 1 : Skipping Token layerContents On Line 828
            Warning - 1 : Skipping Token layerContents On Line 831
            Warning - 1 : Skipping Token layerContents On Line 834
            Warning - 1 : Skipping Token layerContents On Line 837
            Warning - 1 : Skipping Token defaultPinDes On Line 849
            Warning - 1 : Skipping Token defaultPinDes On Line 857
        EndSection

        Section : Generating SCH Library - SMBJ24A.SchLib
        EndSection
    EndSection
EndSection
